{
  "stats": {
    "suites": 3,
    "tests": 3,
    "passes": 3,
    "pending": 0,
    "failures": 0,
    "start": "2021-12-18T15:55:53.661Z",
    "end": "2021-12-18T15:55:55.940Z",
    "duration": 2279,
    "testsRegistered": 3,
    "passPercent": 100,
    "pendingPercent": 0,
    "other": 0,
    "hasOther": false,
    "skipped": 0,
    "hasSkipped": false
  },
  "results": [
    {
      "uuid": "c76f953b-9d7a-4897-9a0e-a8f6a68a1636",
      "title": "",
      "fullFile": "",
      "file": "",
      "beforeHooks": [],
      "afterHooks": [],
      "tests": [],
      "suites": [
        {
          "uuid": "3c125415-9618-44db-a9b7-c5d8b7a545b6",
          "title": "Uploading file to DropBox",
          "fullFile": "D:\\VS code\\Testing\\test\\script.ts",
          "file": "\\test\\script.ts",
          "beforeHooks": [],
          "afterHooks": [],
          "tests": [
            {
              "title": "Upload",
              "fullTitle": "Uploading file to DropBox Upload",
              "timedOut": false,
              "duration": 1126,
              "state": "passed",
              "speed": "slow",
              "pass": true,
              "fail": false,
              "pending": false,
              "context": null,
              "code": "const res = await dropbox.uploadFile();\n(0, chai_1.expect)(res.status).to.equal(200);",
              "err": {},
              "uuid": "3ce363f2-89d4-489b-8cab-fb1a65f40d1d",
              "parentUUID": "3c125415-9618-44db-a9b7-c5d8b7a545b6",
              "isHook": false,
              "skipped": false
            }
          ],
          "suites": [],
          "passes": [
            "3ce363f2-89d4-489b-8cab-fb1a65f40d1d"
          ],
          "failures": [],
          "pending": [],
          "skipped": [],
          "duration": 1126,
          "root": false,
          "rootEmpty": false,
          "_timeout": 2000
        },
        {
          "uuid": "4b8976b6-8404-4e87-a391-10153d201835",
          "title": "Getting file meta data from DropBox",
          "fullFile": "D:\\VS code\\Testing\\test\\script.ts",
          "file": "\\test\\script.ts",
          "beforeHooks": [],
          "afterHooks": [],
          "tests": [
            {
              "title": "Get",
              "fullTitle": "Getting file meta data from DropBox Get",
              "timedOut": false,
              "duration": 391,
              "state": "passed",
              "speed": "slow",
              "pass": true,
              "fail": false,
              "pending": false,
              "context": null,
              "code": "const res = await dropbox.getMetadata();\n(0, chai_1.expect)(res.status).to.equal(200);",
              "err": {},
              "uuid": "edd0bd62-a8bb-492b-830a-71de33a366ff",
              "parentUUID": "4b8976b6-8404-4e87-a391-10153d201835",
              "isHook": false,
              "skipped": false
            }
          ],
          "suites": [],
          "passes": [
            "edd0bd62-a8bb-492b-830a-71de33a366ff"
          ],
          "failures": [],
          "pending": [],
          "skipped": [],
          "duration": 391,
          "root": false,
          "rootEmpty": false,
          "_timeout": 2000
        },
        {
          "uuid": "0f06bcb7-d8f2-46b3-8330-91908a36bd2f",
          "title": "Deleting file from DropBox",
          "fullFile": "D:\\VS code\\Testing\\test\\script.ts",
          "file": "\\test\\script.ts",
          "beforeHooks": [],
          "afterHooks": [],
          "tests": [
            {
              "title": "Delete",
              "fullTitle": "Deleting file from DropBox Delete",
              "timedOut": false,
              "duration": 750,
              "state": "passed",
              "speed": "slow",
              "pass": true,
              "fail": false,
              "pending": false,
              "context": null,
              "code": "const res = await dropbox.deleteFile();\n(0, chai_1.expect)(res.status).to.equal(200);",
              "err": {},
              "uuid": "77cd1a23-5bc8-4a0f-968d-bb4ffe2ca177",
              "parentUUID": "0f06bcb7-d8f2-46b3-8330-91908a36bd2f",
              "isHook": false,
              "skipped": false
            }
          ],
          "suites": [],
          "passes": [
            "77cd1a23-5bc8-4a0f-968d-bb4ffe2ca177"
          ],
          "failures": [],
          "pending": [],
          "skipped": [],
          "duration": 750,
          "root": false,
          "rootEmpty": false,
          "_timeout": 2000
        }
      ],
      "passes": [],
      "failures": [],
      "pending": [],
      "skipped": [],
      "duration": 0,
      "root": true,
      "rootEmpty": true,
      "_timeout": 2000
    }
  ],
  "meta": {
    "mocha": {
      "version": "9.1.3"
    },
    "mochawesome": {
      "options": {
        "quiet": false,
        "reportFilename": "mochawesome",
        "saveHtml": true,
        "saveJson": true,
        "consoleReporter": "spec",
        "useInlineDiffs": false,
        "code": true
      },
      "version": "7.0.1"
    },
    "marge": {
      "options": null,
      "version": "6.0.1"
    }
  }
}